{ root: 'E:\\webstrom\\code\\vuedemo01',
  registry: 'https://registry.npm.taobao.org',
  pkgs: [ { name: 'vue-resource', version: '*', type: 'tag' } ],
  production: false,
  cacheStrict: false,
  cacheDir: 'C:\\Users\\better\\.npminstall_tarball',
  env: 
   { npm_config_registry: 'https://registry.npm.taobao.org',
     npm_config_argv: '{"remain":[],"cooked":["--fix-bug-versions","--china","--userconfig=C:\\\\Users\\\\better\\\\.cnpmrc","--disturl=https://npm.taobao.org/mirrors/node","--registry=https://registry.npm.taobao.org","vue-resource","--save"],"original":["--fix-bug-versions","--china","--userconfig=C:\\\\Users\\\\better\\\\.cnpmrc","--disturl=https://npm.taobao.org/mirrors/node","--registry=https://registry.npm.taobao.org","vue-resource","--save"]}',
     NODE: 'E:\\nvm\\node.exe',
     npm_node_execpath: 'E:\\nvm\\node.exe',
     npm_execpath: 'C:\\dev\\nvm\\npm\\node_modules\\cnpm\\node_modules\\npminstall\\bin\\install.js',
     npm_rootpath: 'E:\\webstrom\\code\\vuedemo01',
     npm_config_userconfig: 'C:\\Users\\better\\.cnpmrc',
     npm_config_disturl: 'https://npm.taobao.org/mirrors/node',
     npm_config_r: 'https://registry.npm.taobao.org',
     NODEJS_ORG_MIRROR: 'https://cdn.npm.taobao.org/dist/node',
     NVM_NODEJS_ORG_MIRROR: 'https://cdn.npm.taobao.org/dist/node',
     NVM_IOJS_ORG_MIRROR: 'https://cdn.npm.taobao.org/dist/iojs',
     PHANTOMJS_CDNURL: 'https://cdn.npm.taobao.org/dist/phantomjs',
     CHROMEDRIVER_CDNURL: 'https://cdn.npm.taobao.org/dist/chromedriver',
     OPERADRIVER_CDNURL: 'https://cdn.npm.taobao.org/dist/operadriver',
     ELECTRON_MIRROR: 'https://cdn.npm.taobao.org/dist/electron/',
     SASS_BINARY_SITE: 'https://cdn.npm.taobao.org/dist/node-sass',
     FLOW_BINARY_MIRROR: 'https://github.com/facebook/flow/releases/download/v',
     NWJS_URLBASE: 'https://cdn.npm.taobao.org/dist/nwjs/v',
     PUPPETEER_DOWNLOAD_HOST: 'https://cdn.npm.taobao.org/dist',
     npm_config_cache: 'C:\\Users\\better\\.npminstall_tarball' },
  binaryMirrors: 
   { ENVS: 
      { NODEJS_ORG_MIRROR: 'https://cdn.npm.taobao.org/dist/node',
        NVM_NODEJS_ORG_MIRROR: 'https://cdn.npm.taobao.org/dist/node',
        NVM_IOJS_ORG_MIRROR: 'https://cdn.npm.taobao.org/dist/iojs',
        PHANTOMJS_CDNURL: 'https://cdn.npm.taobao.org/dist/phantomjs',
        CHROMEDRIVER_CDNURL: 'https://cdn.npm.taobao.org/dist/chromedriver',
        OPERADRIVER_CDNURL: 'https://cdn.npm.taobao.org/dist/operadriver',
        ELECTRON_MIRROR: 'https://cdn.npm.taobao.org/dist/electron/',
        SASS_BINARY_SITE: 'https://cdn.npm.taobao.org/dist/node-sass',
        FLOW_BINARY_MIRROR: 'https://github.com/facebook/flow/releases/download/v',
        NWJS_URLBASE: 'https://cdn.npm.taobao.org/dist/nwjs/v',
        PUPPETEER_DOWNLOAD_HOST: 'https://cdn.npm.taobao.org/dist' },
     cypress: { host: 'https://cdn.npm.taobao.org/dist/cypress' },
     'utf-8-validate': 
      { host: 'https://cdn.npm.taobao.org/dist/utf-8-validate/v{version}' },
     leveldown: 
      { host: 'https://cdn.npm.taobao.org/dist/leveldown/v{version}' },
     'leveldown-hyper': 
      { host: 'https://cdn.npm.taobao.org/dist/leveldown-hyper/v{version}' },
     zeromq: { host: 'https://cdn.npm.taobao.org/dist/zeromq/v{version}' },
     mknod: { host: 'https://cdn.npm.taobao.org/dist/mknod/v{version}' },
     couchbase: 
      { host: 'https://cdn.npm.taobao.org/dist/couchbase/v{version}' },
     'sodium-prebuilt': 
      { host: 'https://cdn.npm.taobao.org/dist/sodium-prebuilt/v{version}' },
     'utp-native': 
      { host: 'https://cdn.npm.taobao.org/dist/utp-native/v{version}' },
     'node-tk5': { host: 'https://cdn.npm.taobao.org/dist/node-tk5/v{version}' },
     'fuse-bindings': 
      { host: 'https://cdn.npm.taobao.org/dist/fuse-bindings/v{version}' },
     'zmq-prebuilt': 
      { host: 'https://cdn.npm.taobao.org/dist/zmq-prebuilt/v{version}' },
     gl: { host: 'https://cdn.npm.taobao.org/dist/gl/v{version}' },
     hackrf: { host: 'https://cdn.npm.taobao.org/dist/hackrf/v{version}' },
     rabin: { host: 'https://cdn.npm.taobao.org/dist/rabin/v{version}' },
     'v8-debug': { host: 'https://cdn.npm.taobao.org/dist/node-inspector' },
     'v8-profiler': { host: 'https://cdn.npm.taobao.org/dist/node-inspector' },
     sqlite3: { host: 'https://cdn.npm.taobao.org/dist' },
     grpc: 
      { host: 'https://cdn.npm.taobao.org/dist',
        remote_path: '{name}/v{version}' },
     fsevents: { host: 'https://cdn.npm.taobao.org/dist/fsevents' },
     nodegit: { host: 'https://cdn.npm.taobao.org/dist/nodegit/v{version}' },
     'flow-bin': 
      { replaceHost: 'https://github.com/facebook/flow/releases/download/v',
        host: 'https://cdn.npm.taobao.org/dist/flow/v' },
     'jpegtran-bin': 
      { replaceHost: [Array],
        host: 'https://npm.taobao.org/mirrors/jpegtran-bin' },
     'cwebp-bin': 
      { replaceHost: [Array],
        host: 'https://npm.taobao.org/mirrors/cwebp-bin' },
     'zopflipng-bin': 
      { replaceHost: [Array],
        host: 'https://npm.taobao.org/mirrors/zopflipng-bin' },
     'optipng-bin': 
      { replaceHost: [Array],
        host: 'https://npm.taobao.org/mirrors/optipng-bin' },
     mozjpeg: 
      { replaceHost: [Array],
        host: 'https://npm.taobao.org/mirrors/mozjpeg-bin' },
     gifsicle: 
      { replaceHost: [Array],
        host: 'https://npm.taobao.org/mirrors/gifsicle-bin' },
     'pngquant-bin': 
      { replaceHost: [Array],
        host: 'https://npm.taobao.org/mirrors/pngquant-bin',
        replaceHostMap: [Object] },
     'pngcrush-bin': 
      { replaceHost: [Array],
        host: 'https://npm.taobao.org/mirrors/pngcrush-bin' },
     'jpeg-recompress-bin': 
      { replaceHost: [Array],
        host: 'https://npm.taobao.org/mirrors/jpeg-recompress-bin' },
     'advpng-bin': 
      { replaceHost: [Array],
        host: 'https://npm.taobao.org/mirrors/advpng-bin' },
     'pngout-bin': 
      { replaceHost: [Array],
        host: 'https://npm.taobao.org/mirrors/pngout-bin' },
     'jpegoptim-bin': 
      { replaceHost: [Array],
        host: 'https://npm.taobao.org/mirrors/jpegoptim-bin' } },
  forbiddenLicenses: null,
  flatten: false,
  proxy: undefined,
  prune: false,
  strictSSL: true,
  ignoreScripts: false,
  detail: false,
  trace: false,
  engineStrict: false,
  registryOnly: false,
  autoFixVersion: [Function: autoFixVersion],
  spinner: 
   Ora {
     options: { text: '', color: 'cyan', stream: [Object] },
     spinner: { interval: 130, frames: [Array] },
     text: '[0/1] Installing strict-uri-encode@^1.0.0',
     color: 'cyan',
     interval: 130,
     stream: 
      WriteStream {
        connecting: false,
        _hadError: false,
        _handle: [Object],
        _parent: null,
        _host: null,
        _readableState: [Object],
        readable: false,
        domain: null,
        _events: [Object],
        _eventsCount: 3,
        _maxListeners: undefined,
        _writableState: [Object],
        writable: true,
        allowHalfOpen: false,
        _bytesDispatched: 11305,
        _sockname: null,
        _writev: null,
        _pendingData: null,
        _pendingEncoding: '',
        server: null,
        _server: null,
        columns: 80,
        rows: 25,
        _type: 'tty',
        fd: 2,
        _isStdio: true,
        destroySoon: [Function: destroy],
        _destroy: [Function],
        [Symbol(asyncId)]: 6,
        [Symbol(bytesRead)]: 0 },
     id: null,
     frameIndex: 0,
     enabled: true },
  events: 
   EventEmitter {
     domain: null,
     _events: {},
     _eventsCount: 0,
     _maxListeners: 0,
     await: [Function] },
  postInstallTasks: [],
  peerDependencies: [],
  linkPeerDependencies: [],
  packageVersions: 
   { 'vue-resource': Set { '1.5.1' },
     got: Set { '8.3.2' },
     'get-stream': Set { '3.0.0' },
     duplexer3: Set { '0.1.4' },
     'decompress-response': Set { '3.3.0' },
     'into-stream': Set { '3.1.0' },
     isurl: Set { '1.0.0' },
     'is-retry-allowed': Set { '1.1.0' },
     '@sindresorhus/is': Set { '0.7.0' },
     from2: Set { '2.3.0' },
     'safe-buffer': Set { '5.1.2' },
     pify: Set { '3.0.0' },
     'cacheable-request': Set { '2.1.4' },
     'p-cancelable': Set { '0.4.1' },
     'p-is-promise': Set { '1.1.0' },
     'p-timeout': Set { '2.0.1' },
     'is-object': Set { '1.0.1' },
     'has-to-string-tag-x': Set { '1.4.1' },
     'p-finally': Set { '1.0.0' },
     'timed-out': Set { '4.0.1' },
     'clone-response': Set { '1.0.2' },
     'http-cache-semantics': Set { '3.8.1' },
     responselike: Set { '1.0.2' },
     keyv: Set { '3.0.0' },
     'url-to-options': Set { '1.0.1' },
     'url-parse-lax': Set { '3.0.0' },
     'normalize-url': Set { '2.0.1' },
     'has-symbol-support-x': Set { '1.4.2' },
     'json-buffer': Set { '3.0.0' },
     'sort-keys': Set { '2.0.0' },
     'prepend-http': Set { '2.0.0' },
     'query-string': Set { '5.1.1' },
     'object-assign': Set { '4.1.1' },
     'is-plain-obj': Set { '1.1.0' },
     'strict-uri-encode': Set { '1.1.0' },
     'decode-uri-component': Set { '0.2.0' },
     'lowercase-keys': Set { '1.0.0', '1.0.1' },
     'mimic-response': Set { '1.0.1' } },
  latestVersions: 
   Map {
     'vue-resource' => '1.5.1',
     'got' => '8.3.2',
     'get-stream' => '3.0.0',
     'duplexer3' => '0.1.4',
     'decompress-response' => '3.3.0',
     'into-stream' => '3.1.0',
     'isurl' => '1.0.0',
     'is-retry-allowed' => '1.1.0',
     '@sindresorhus/is' => '0.7.0',
     'from2' => '2.3.0',
     'safe-buffer' => '5.1.2',
     'pify' => '3.0.0',
     'cacheable-request' => '2.1.4',
     'p-cancelable' => '0.4.1',
     'p-is-promise' => '1.1.0',
     'p-timeout' => '2.0.1',
     'is-object' => '1.0.1',
     'has-to-string-tag-x' => '1.4.1',
     'p-finally' => '1.0.0',
     'timed-out' => '4.0.1',
     'clone-response' => '1.0.2',
     'http-cache-semantics' => '3.8.1',
     'responselike' => '1.0.2',
     'keyv' => '3.0.0',
     'url-to-options' => '1.0.1',
     'url-parse-lax' => '3.0.0',
     'normalize-url' => '2.0.1',
     'has-symbol-support-x' => '1.4.2',
     'json-buffer' => '3.0.0',
     'sort-keys' => '2.0.0',
     'prepend-http' => '2.0.0',
     'query-string' => '5.1.1',
     'object-assign' => '4.1.1',
     'is-plain-obj' => '1.1.0',
     'strict-uri-encode' => '1.1.0',
     'decode-uri-component' => '0.2.0',
     'lowercase-keys' => '1.0.1',
     'mimic-response' => '1.0.1' },
  latestPackages: Map {},
  cache: 
   { 'npm:resolve:package:vue-resource': 
      { done: true,
        name: 'vue-resource',
        modified: '2018-05-20T07:35:13.000Z',
        'dist-tags': [Object],
        versions: [Object],
        allVersions: [Array] },
     'npm:resolve:version:vue-resource@*': 
      { name: 'vue-resource',
        version: '1.5.1',
        dependencies: [Object],
        devDependencies: [Object],
        directories: {},
        dist: [Object],
        _hasShrinkwrap: false,
        publish_time: 1526801703643,
        main: 'dist/vue-resource.common.js',
        module: 'dist/vue-resource.esm.js',
        unpkg: 'dist/vue-resource.min.js',
        jsdelivr: 'dist/vue-resource.min.js',
        typings: 'types/index.d.ts',
        description: 'The HTTP client for Vue.js',
        homepage: 'https://github.com/pagekit/vue-resource#readme',
        license: 'MIT',
        keywords: [Array],
        bugs: [Object],
        repository: [Object],
        scripts: [Object],
        browser: [Object],
        readme: 'ERROR: No README data found!',
        _id: 'vue-resource@1.5.1' },
     'download:vue-resource@1.5.1': { done: true },
     'install:vue-resource@*': 
      { package: [Object],
        dir: 'E:\\webstrom\\code\\vuedemo01\\node_modules\\_vue-resource@1.5.1@vue-resource' },
     'npm:resolve:package:got': 
      { done: true,
        name: 'got',
        modified: '2018-08-04T06:44:09.000Z',
        'dist-tags': [Object],
        versions: [Object],
        allVersions: [Array] },
     'npm:resolve:version:got@^8.0.3': 
      { name: 'got',
        version: '8.3.2',
        dependencies: [Object],
        devDependencies: [Object],
        directories: {},
        dist: [Object],
        engines: [Object],
        _hasShrinkwrap: false,
        publish_time: 1530608473131,
        description: 'Simplified HTTP requests',
        license: 'MIT',
        repository: [Object],
        maintainers: [Array],
        scripts: [Object],
        files: [Array],
        keywords: [Array],
        ava: [Object],
        browser: [Object],
        bugs: [Object],
        readme: 'ERROR: No README data found!',
        homepage: 'https://github.com/sindresorhus/got#readme',
        _id: 'got@8.3.2' },
     'download:got@8.3.2': { done: true },
     'install:got@^8.0.3': 
      { package: [Object],
        dir: 'E:\\webstrom\\code\\vuedemo01\\node_modules\\_got@8.3.2@got' },
     'install:got:range:9.0.0': 
      { package: [Object],
        dir: 'E:\\webstrom\\code\\vuedemo01\\node_modules\\_got@8.3.2@got' },
     'npm:resolve:package:@sindresorhus/is': 
      { done: true,
        name: '@sindresorhus/is',
        modified: '2018-07-10T09:57:08.000Z',
        'dist-tags': [Object],
        versions: [Object],
        allVersions: [Array] },
     'npm:resolve:package:cacheable-request': 
      { done: true,
        name: 'cacheable-request',
        modified: '2018-07-22T15:44:55.000Z',
        'dist-tags': [Object],
        versions: [Object],
        allVersions: [Array] },
     'npm:resolve:package:decompress-response': 
      { done: true,
        name: 'decompress-response',
        modified: '2017-06-15T12:25:16.000Z',
        'dist-tags': [Object],
        versions: [Object],
        allVersions: [Array] },
     'npm:resolve:package:duplexer3': 
      { done: true,
        name: 'duplexer3',
        modified: '2018-01-06T21:25:27.000Z',
        'dist-tags': [Object],
        versions: [Object],
        allVersions: [Array] },
     'npm:resolve:package:get-stream': 
      { done: true,
        name: 'get-stream',
        modified: '2018-08-10T07:59:18.000Z',
        'dist-tags': [Object],
        versions: [Object],
        allVersions: [Array] },
     'npm:resolve:package:into-stream': 
      { done: true,
        name: 'into-stream',
        modified: '2017-03-27T10:36:53.000Z',
        'dist-tags': [Object],
        versions: [Object],
        allVersions: [Array] },
     'npm:resolve:package:is-retry-allowed': 
      { done: true,
        name: 'is-retry-allowed',
        modified: '2018-01-06T22:15:29.000Z',
        'dist-tags': [Object],
        versions: [Object],
        allVersions: [Array] },
     'npm:resolve:package:isurl': 
      { done: true,
        name: 'isurl',
        modified: '2017-06-29T18:51:15.000Z',
        'dist-tags': [Object],
        versions: [Object],
        allVersions: [Array] },
     'npm:resolve:package:lowercase-keys': 
      { done: true,
        name: 'lowercase-keys',
        modified: '2018-03-23T07:52:16.000Z',
        'dist-tags': [Object],
        versions: [Object],
        allVersions: [Array] },
     'npm:resolve:package:mimic-response': 
      { done: true,
        name: 'mimic-response',
        modified: '2018-07-11T11:25:16.000Z',
        'dist-tags': [Object],
        versions: [Object],
        allVersions: [Array] },
     'npm:resolve:version:@sindresorhus/is@^0.7.0': 
      { name: '@sindresorhus/is',
        version: '0.7.0',
        devDependencies: [Object],
        directories: {},
        dist: [Object],
        engines: [Object],
        _hasShrinkwrap: false,
        publish_time: 1513024822859,
        description: 'Type check values: `is.string(\'🦄\') //=> true`',
        license: 'MIT',
        repository: [Object],
        author: [Object],
        publishConfig: [Object],
        main: 'dist/index.js',
        scripts: [Object],
        files: [Array],
        keywords: [Array],
        types: 'dist/index.d.ts',
        bugs: [Object],
        readme: 'ERROR: No README data found!',
        homepage: 'https://github.com/sindresorhus/is#readme',
        _id: '@sindresorhus/is@0.7.0' },
     'download:@sindresorhus/is@0.7.0': { done: true },
     'npm:resolve:version:duplexer3@^0.1.4': 
      { name: 'duplexer3',
        version: '0.1.4',
        devDependencies: [Object],
        directories: {},
        dist: [Object],
        _hasShrinkwrap: false,
        publish_time: 1452514165153,
        description: 'Like duplexer but using streams3',
        engine: [Object],
        files: [Array],
        scripts: [Object],
        repository: [Object],
        keywords: [Array],
        author: [Object],
        license: 'BSD-3-Clause',
        bugs: [Object],
        readme: 'ERROR: No README data found!',
        homepage: 'https://github.com/floatdrop/duplexer3#readme',
        _id: 'duplexer3@0.1.4' },
     'download:duplexer3@0.1.4': { done: true },
     'npm:resolve:version:decompress-response@^3.3.0': 
      { name: 'decompress-response',
        version: '3.3.0',
        dependencies: [Object],
        devDependencies: [Object],
        directories: {},
        dist: [Object],
        engines: [Object],
        _hasShrinkwrap: false,
        publish_time: 1496432628054,
        description: 'Decompress a HTTP response if needed',
        license: 'MIT',
        repository: [Object],
        maintainers: [Array],
        scripts: [Object],
        files: [Array],
        keywords: [Array],
        bugs: [Object],
        readme: 'ERROR: No README data found!',
        homepage: 'https://github.com/sindresorhus/decompress-response#readme',
        _id: 'decompress-response@3.3.0' },
     'download:decompress-response@3.3.0': { done: true },
     'npm:resolve:version:get-stream@^3.0.0': 
      { name: 'get-stream',
        version: '3.0.0',
        devDependencies: [Object],
        directories: {},
        dist: [Object],
        engines: [Object],
        _hasShrinkwrap: false,
        publish_time: 1479869387220 },
     'download:get-stream@3.0.0': { done: true },
     'npm:resolve:version:into-stream@^3.1.0': 
      { name: 'into-stream',
        version: '3.1.0',
        dependencies: [Object],
        devDependencies: [Object],
        directories: {},
        dist: [Object],
        engines: [Object],
        _hasShrinkwrap: false,
        publish_time: 1480406949622,
        description: 'Convert a buffer/string/array/object/iterable/promise into a stream',
        license: 'MIT',
        repository: [Object],
        author: [Object],
        scripts: [Object],
        files: [Array],
        keywords: [Array],
        bugs: [Object],
        readme: 'ERROR: No README data found!',
        homepage: 'https://github.com/sindresorhus/into-stream#readme',
        _id: 'into-stream@3.1.0' },
     'download:into-stream@3.1.0': { done: true },
     'npm:resolve:version:cacheable-request@^2.1.1': 
      { name: 'cacheable-request',
        version: '2.1.4',
        dependencies: [Object],
        devDependencies: [Object],
        directories: {},
        dist: [Object],
        _hasShrinkwrap: false,
        publish_time: 1514318996307,
        description: 'Wrap native HTTP requests with RFC compliant cache support',
        main: 'src/index.js',
        scripts: [Object],
        xo: [Object],
        repository: [Object],
        keywords: [Array],
        author: [Object],
        license: 'MIT',
        bugs: [Object],
        homepage: 'https://github.com/lukechilds/cacheable-request',
        readme: 'ERROR: No README data found!',
        _id: 'cacheable-request@2.1.4' },
     'download:cacheable-request@2.1.4': { done: true },
     'npm:resolve:version:is-retry-allowed@^1.1.0': 
      { name: 'is-retry-allowed',
        version: '1.1.0',
        dependencies: {},
        devDependencies: [Object],
        directories: {},
        dist: [Object],
        engines: [Object],
        _hasShrinkwrap: false,
        publish_time: 1467498833617,
        description: 'My prime module',
        license: 'MIT',
        repository: [Object],
        author: [Object],
        scripts: [Object],
        files: [Array],
        keywords: [],
        bugs: [Object],
        readme: 'ERROR: No README data found!',
        homepage: 'https://github.com/floatdrop/is-retry-allowed#readme',
        _id: 'is-retry-allowed@1.1.0' },
     'download:is-retry-allowed@1.1.0': { done: true },
     'npm:resolve:version:isurl@^1.0.0-alpha5': 
      { name: 'isurl',
        version: '1.0.0',
        dependencies: [Object],
        devDependencies: [Object],
        directories: {},
        dist: [Object],
        engines: [Object],
        _hasShrinkwrap: false,
        publish_time: 1498762271655,
        description: 'Checks whether a value is a WHATWG URL.',
        license: 'MIT',
        author: [Object],
        repository: [Object],
        scripts: [Object],
        files: [Array],
        keywords: [Array],
        bugs: [Object],
        readme: 'ERROR: No README data found!',
        homepage: 'https://github.com/stevenvachon/isurl#readme',
        _id: 'isurl@1.0.0' },
     'download:isurl@1.0.0': { done: true },
     'install:get-stream@^3.0.0': 
      { package: [Object],
        dir: 'E:\\webstrom\\code\\vuedemo01\\node_modules\\_get-stream@3.0.0@get-stream' },
     'install:get-stream:range:4.0.0': 
      { package: [Object],
        dir: 'E:\\webstrom\\code\\vuedemo01\\node_modules\\_get-stream@3.0.0@get-stream' },
     'npm:resolve:package:p-cancelable': 
      { done: true,
        name: 'p-cancelable',
        modified: '2018-07-04T06:21:50.000Z',
        'dist-tags': [Object],
        versions: [Object],
        allVersions: [Array] },
     'install:duplexer3@^0.1.4': 
      { package: [Object],
        dir: 'E:\\webstrom\\code\\vuedemo01\\node_modules\\_duplexer3@0.1.4@duplexer3' },
     'install:duplexer3:range:0.2.0': 
      { package: [Object],
        dir: 'E:\\webstrom\\code\\vuedemo01\\node_modules\\_duplexer3@0.1.4@duplexer3' },
     'install:decompress-response@^3.3.0': 
      { package: [Object],
        dir: 'E:\\webstrom\\code\\vuedemo01\\node_modules\\_decompress-response@3.3.0@decompress-response' },
     'install:decompress-response:range:4.0.0': 
      { package: [Object],
        dir: 'E:\\webstrom\\code\\vuedemo01\\node_modules\\_decompress-response@3.3.0@decompress-response' },
     'npm:resolve:version:p-cancelable@^0.4.0': 
      { name: 'p-cancelable',
        version: '0.4.1',
        devDependencies: [Object],
        directories: {},
        dist: [Object],
        engines: [Object],
        _hasShrinkwrap: false,
        publish_time: 1522581779190,
        description: 'Create a promise that can be canceled',
        license: 'MIT',
        repository: [Object],
        author: [Object],
        scripts: [Object],
        files: [Array],
        keywords: [Array],
        bugs: [Object],
        readme: 'ERROR: No README data found!',
        homepage: 'https://github.com/sindresorhus/p-cancelable#readme',
        _id: 'p-cancelable@0.4.1' },
     'download:p-cancelable@0.4.1': { done: true },
     'install:into-stream@^3.1.0': 
      { package: [Object],
        dir: 'E:\\webstrom\\code\\vuedemo01\\node_modules\\_into-stream@3.1.0@into-stream' },
     'install:into-stream:range:4.0.0': 
      { package: [Object],
        dir: 'E:\\webstrom\\code\\vuedemo01\\node_modules\\_into-stream@3.1.0@into-stream' },
     'npm:resolve:package:from2': 
      { done: true,
        name: 'from2',
        modified: '2017-03-28T20:24:06.000Z',
        'dist-tags': [Object],
        versions: [Object],
        allVersions: [Array] },
     'npm:resolve:package:p-is-promise': 
      { done: true,
        name: 'p-is-promise',
        modified: '2017-03-31T04:29:05.000Z',
        'dist-tags': [Object],
        versions: [Object],
        allVersions: [Array] },
     'npm:resolve:package:p-timeout': 
      { done: true,
        name: 'p-timeout',
        modified: '2017-11-28T20:06:45.000Z',
        'dist-tags': [Object],
        versions: [Object],
        allVersions: [Array] },
     'install:isurl@^1.0.0-alpha5': 
      { package: [Object],
        dir: 'E:\\webstrom\\code\\vuedemo01\\node_modules\\_isurl@1.0.0@isurl' },
     'install:isurl:range:2.0.0': 
      { package: [Object],
        dir: 'E:\\webstrom\\code\\vuedemo01\\node_modules\\_isurl@1.0.0@isurl' },
     'install:is-retry-allowed@^1.1.0': 
      { package: [Object],
        dir: 'E:\\webstrom\\code\\vuedemo01\\node_modules\\_is-retry-allowed@1.1.0@is-retry-allowed' },
     'install:is-retry-allowed:range:2.0.0': 
      { package: [Object],
        dir: 'E:\\webstrom\\code\\vuedemo01\\node_modules\\_is-retry-allowed@1.1.0@is-retry-allowed' },
     'install:@sindresorhus/is@^0.7.0': 
      { package: [Object],
        dir: 'E:\\webstrom\\code\\vuedemo01\\node_modules\\_@sindresorhus_is@0.7.0@@sindresorhus\\is' },
     'install:@sindresorhus/is:range:0.8.0': 
      { package: [Object],
        dir: 'E:\\webstrom\\code\\vuedemo01\\node_modules\\_@sindresorhus_is@0.7.0@@sindresorhus\\is' },
     'npm:resolve:package:has-to-string-tag-x': 
      { done: true,
        name: 'has-to-string-tag-x',
        modified: '2017-09-01T16:00:22.000Z',
        'dist-tags': [Object],
        versions: [Object],
        allVersions: [Array] },
     'npm:resolve:package:is-object': 
      { done: true,
        name: 'is-object',
        modified: '2017-03-27T15:02:23.000Z',
        'dist-tags': [Object],
        versions: [Object],
        allVersions: [Array] },
     'npm:resolve:package:pify': 
      { done: true,
        name: 'pify',
        modified: '2018-08-09T15:47:49.000Z',
        'dist-tags': [Object],
        versions: [Object],
        allVersions: [Array] },
     'npm:resolve:package:safe-buffer': 
      { done: true,
        name: 'safe-buffer',
        modified: '2018-04-25T20:11:10.000Z',
        'dist-tags': [Object],
        versions: [Object],
        allVersions: [Array] },
     'npm:resolve:version:from2@^2.1.1': 
      { name: 'from2',
        version: '2.3.0',
        dependencies: [Object],
        devDependencies: [Object],
        directories: {},
        dist: [Object],
        _hasShrinkwrap: false,
        publish_time: 1471281359624 },
     'download:from2@2.3.0': { done: true },
     'npm:resolve:version:p-is-promise@^1.1.0': 
      { name: 'p-is-promise',
        version: '1.1.0',
        devDependencies: [Object],
        directories: {},
        dist: [Object],
        engines: [Object],
        _hasShrinkwrap: false,
        publish_time: 1480311620274,
        description: 'Check if something is a promise',
        license: 'MIT',
        repository: [Object],
        author: [Object],
        scripts: [Object],
        files: [Array],
        keywords: [Array],
        xo: [Object],
        bugs: [Object],
        readme: 'ERROR: No README data found!',
        homepage: 'https://github.com/sindresorhus/p-is-promise#readme',
        _id: 'p-is-promise@1.1.0' },
     'download:p-is-promise@1.1.0': { done: true },
     'npm:resolve:version:has-to-string-tag-x@^1.2.0': 
      { name: 'has-to-string-tag-x',
        version: '1.4.1',
        dependencies: [Object],
        devDependencies: [Object],
        directories: {},
        dist: [Object],
        engines: [Object],
        _hasShrinkwrap: false,
        publish_time: 1504281616555,
        description: 'Tests if ES6 @@toStringTag is supported.',
        homepage: 'https://github.com/Xotic750/has-to-string-tag-x',
        author: [Object],
        copyright: 'Copyright (c) 2015-2017',
        keywords: [Array],
        main: 'index.js',
        license: 'MIT',
        repository: [Object],
        bugs: [Object],
        scripts: [Object],
        readme: 'ERROR: No README data found!',
        _id: 'has-to-string-tag-x@1.4.1' },
     'download:has-to-string-tag-x@1.4.1': { done: true },
     'npm:resolve:version:is-object@^1.0.1': 
      { name: 'is-object',
        version: '1.0.1',
        dependencies: {},
        devDependencies: [Object],
        directories: {},
        dist: [Object],
        _hasShrinkwrap: false,
        publish_time: 1409642715758,
        description: 'Checks whether a value is an object',
        keywords: [],
        author: [Object],
        repository: [Object],
        main: 'index',
        homepage: 'https://github.com/ljharb/is-object',
        contributors: [Array],
        bugs: [Object],
        license: 'MIT',
        licenses: [Array],
        scripts: [Object],
        testling: [Object],
        readme: 'ERROR: No README data found!',
        _id: 'is-object@1.0.1' },
     'download:is-object@1.0.1': { done: true },
     'npm:resolve:version:safe-buffer@^5.1.1': 
      { name: 'safe-buffer',
        version: '5.1.2',
        devDependencies: [Object],
        directories: {},
        dist: [Object],
        _hasShrinkwrap: false,
        publish_time: 1524687024706 },
     'download:safe-buffer@5.1.2': { done: true },
     'npm:resolve:version:p-timeout@^2.0.1': 
      { name: 'p-timeout',
        version: '2.0.1',
        dependencies: [Object],
        devDependencies: [Object],
        directories: {},
        dist: [Object],
        engines: [Object],
        _hasShrinkwrap: false,
        publish_time: 1511899602140,
        description: 'Timeout a promise after a specified amount of time',
        license: 'MIT',
        repository: [Object],
        author: [Object],
        scripts: [Object],
        files: [Array],
        keywords: [Array],
        bugs: [Object],
        readme: 'ERROR: No README data found!',
        homepage: 'https://github.com/sindresorhus/p-timeout#readme',
        _id: 'p-timeout@2.0.1' },
     'download:p-timeout@2.0.1': { done: true },
     'npm:resolve:version:pify@^3.0.0': 
      { name: 'pify',
        version: '3.0.0',
        devDependencies: [Object],
        directories: {},
        dist: [Object],
        engines: [Object],
        _hasShrinkwrap: false,
        publish_time: 1495952728083 },
     'download:pify@3.0.0': { done: true },
     'install:from2@^2.1.1': 
      { package: [Object],
        dir: 'E:\\webstrom\\code\\vuedemo01\\node_modules\\_from2@2.3.0@from2' },
     'install:from2:range:3.0.0': 
      { package: [Object],
        dir: 'E:\\webstrom\\code\\vuedemo01\\node_modules\\_from2@2.3.0@from2' },
     'install:safe-buffer@^5.1.1': 
      { package: [Object],
        dir: 'E:\\webstrom\\code\\vuedemo01\\node_modules\\_safe-buffer@5.1.2@safe-buffer' },
     'install:safe-buffer:range:6.0.0': 
      { package: [Object],
        dir: 'E:\\webstrom\\code\\vuedemo01\\node_modules\\_safe-buffer@5.1.2@safe-buffer' },
     'install:pify@^3.0.0': 
      { package: [Object],
        dir: 'E:\\webstrom\\code\\vuedemo01\\node_modules\\_pify@3.0.0@pify' },
     'install:pify:range:4.0.0': 
      { package: [Object],
        dir: 'E:\\webstrom\\code\\vuedemo01\\node_modules\\_pify@3.0.0@pify' },
     'npm:resolve:package:timed-out': 
      { done: true,
        name: 'timed-out',
        modified: '2018-01-07T22:26:19.000Z',
        'dist-tags': [Object],
        versions: [Object],
        allVersions: [Array] },
     'npm:resolve:package:url-parse-lax': 
      { done: true,
        name: 'url-parse-lax',
        modified: '2017-11-03T20:35:42.000Z',
        'dist-tags': [Object],
        versions: [Object],
        allVersions: [Array] },
     'npm:resolve:version:timed-out@^4.0.1': 
      { name: 'timed-out',
        version: '4.0.1',
        devDependencies: [Object],
        directories: {},
        dist: [Object],
        engines: [Object],
        _hasShrinkwrap: false,
        publish_time: 1484575091638,
        description: 'Emit `ETIMEDOUT` or `ESOCKETTIMEDOUT` when ClientRequest is hanged',
        license: 'MIT',
        repository: [Object],
        author: [Object],
        scripts: [Object],
        files: [Array],
        keywords: [Array],
        bugs: [Object],
        readme: 'ERROR: No README data found!',
        homepage: 'https://github.com/floatdrop/timed-out#readme',
        _id: 'timed-out@4.0.1' },
     'download:timed-out@4.0.1': { done: true },
     'install:cacheable-request@^2.1.1': 
      { package: [Object],
        dir: 'E:\\webstrom\\code\\vuedemo01\\node_modules\\_cacheable-request@2.1.4@cacheable-request' },
     'install:cacheable-request:range:3.0.0': 
      { package: [Object],
        dir: 'E:\\webstrom\\code\\vuedemo01\\node_modules\\_cacheable-request@2.1.4@cacheable-request' },
     'install:p-cancelable@^0.4.0': 
      { package: [Object],
        dir: 'E:\\webstrom\\code\\vuedemo01\\node_modules\\_p-cancelable@0.4.1@p-cancelable' },
     'install:p-cancelable:range:0.5.0': 
      { package: [Object],
        dir: 'E:\\webstrom\\code\\vuedemo01\\node_modules\\_p-cancelable@0.4.1@p-cancelable' },
     'npm:resolve:package:clone-response': 
      { done: true,
        name: 'clone-response',
        modified: '2017-10-03T13:58:58.000Z',
        'dist-tags': [Object],
        versions: [Object],
        allVersions: [Array] },
     'npm:resolve:version:get-stream@3.0.0': 
      { name: 'get-stream',
        version: '3.0.0',
        devDependencies: [Object],
        directories: {},
        dist: [Object],
        engines: [Object],
        _hasShrinkwrap: false,
        publish_time: 1479869387220 },
     'npm:resolve:package:http-cache-semantics': 
      { done: true,
        name: 'http-cache-semantics',
        modified: '2018-04-21T15:57:56.000Z',
        'dist-tags': [Object],
        versions: [Object],
        allVersions: [Array] },
     'npm:resolve:package:keyv': 
      { done: true,
        name: 'keyv',
        modified: '2017-10-03T13:38:30.000Z',
        'dist-tags': [Object],
        versions: [Object],
        allVersions: [Array] },
     'npm:resolve:package:normalize-url': 
      { done: true,
        name: 'normalize-url',
        modified: '2018-07-10T05:29:03.000Z',
        'dist-tags': [Object],
        versions: [Object],
        allVersions: [Array] },
     'npm:resolve:package:responselike': 
      { done: true,
        name: 'responselike',
        modified: '2017-08-17T16:47:19.000Z',
        'dist-tags': [Object],
        versions: [Object],
        allVersions: [Array] },
     'install:get-stream@3.0.0': 
      { package: [Object],
        dir: 'E:\\webstrom\\code\\vuedemo01\\node_modules\\_get-stream@3.0.0@get-stream' },
     'install:p-is-promise@^1.1.0': 
      { package: [Object],
        dir: 'E:\\webstrom\\code\\vuedemo01\\node_modules\\_p-is-promise@1.1.0@p-is-promise' },
     'install:p-is-promise:range:2.0.0': 
      { package: [Object],
        dir: 'E:\\webstrom\\code\\vuedemo01\\node_modules\\_p-is-promise@1.1.0@p-is-promise' },
     'install:p-timeout@^2.0.1': 
      { package: [Object],
        dir: 'E:\\webstrom\\code\\vuedemo01\\node_modules\\_p-timeout@2.0.1@p-timeout' },
     'install:p-timeout:range:3.0.0': 
      { package: [Object],
        dir: 'E:\\webstrom\\code\\vuedemo01\\node_modules\\_p-timeout@2.0.1@p-timeout' },
     'npm:resolve:package:p-finally': 
      { done: true,
        name: 'p-finally',
        modified: '2017-03-31T04:28:49.000Z',
        'dist-tags': [Object],
        versions: [Object],
        allVersions: [Array] },
     'npm:resolve:package:url-to-options': 
      { done: true,
        name: 'url-to-options',
        modified: '2017-06-06T01:56:58.000Z',
        'dist-tags': [Object],
        versions: [Object],
        allVersions: [Array] },
     'install:is-object@^1.0.1': 
      { package: [Object],
        dir: 'E:\\webstrom\\code\\vuedemo01\\node_modules\\_is-object@1.0.1@is-object' },
     'install:is-object:range:2.0.0': 
      { package: [Object],
        dir: 'E:\\webstrom\\code\\vuedemo01\\node_modules\\_is-object@1.0.1@is-object' },
     'install:has-to-string-tag-x@^1.2.0': 
      { package: [Object],
        dir: 'E:\\webstrom\\code\\vuedemo01\\node_modules\\_has-to-string-tag-x@1.4.1@has-to-string-tag-x' },
     'install:has-to-string-tag-x:range:2.0.0': 
      { package: [Object],
        dir: 'E:\\webstrom\\code\\vuedemo01\\node_modules\\_has-to-string-tag-x@1.4.1@has-to-string-tag-x' },
     'npm:resolve:package:has-symbol-support-x': 
      { done: true,
        name: 'has-symbol-support-x',
        modified: '2018-02-24T12:28:21.000Z',
        'dist-tags': [Object],
        versions: [Object],
        allVersions: [Array] },
     'npm:resolve:version:url-parse-lax@^3.0.0': 
      { name: 'url-parse-lax',
        version: '3.0.0',
        dependencies: [Object],
        devDependencies: [Object],
        directories: {},
        dist: [Object],
        engines: [Object],
        _hasShrinkwrap: false,
        publish_time: 1509741338836,
        description: 'Lax url.parse() with support for protocol-less URLs & IPs',
        license: 'MIT',
        repository: [Object],
        author: [Object],
        scripts: [Object],
        files: [Array],
        keywords: [Array],
        bugs: [Object],
        readme: 'ERROR: No README data found!',
        homepage: 'https://github.com/sindresorhus/url-parse-lax#readme',
        _id: 'url-parse-lax@3.0.0' },
     'download:url-parse-lax@3.0.0': { done: true },
     'npm:resolve:version:clone-response@1.0.2': 
      { name: 'clone-response',
        version: '1.0.2',
        dependencies: [Object],
        devDependencies: [Object],
        directories: {},
        dist: [Object],
        _hasShrinkwrap: false,
        publish_time: 1502988275584,
        description: 'Clone a Node.js HTTP response stream',
        main: 'src/index.js',
        scripts: [Object],
        xo: [Object],
        repository: [Object],
        keywords: [Array],
        author: [Object],
        license: 'MIT',
        bugs: [Object],
        homepage: 'https://github.com/lukechilds/clone-response',
        readme: 'ERROR: No README data found!',
        _id: 'clone-response@1.0.2' },
     'download:clone-response@1.0.2': { done: true },
     'npm:resolve:version:http-cache-semantics@3.8.1': 
      { name: 'http-cache-semantics',
        version: '3.8.1',
        devDependencies: [Object],
        directories: {},
        dist: [Object],
        _hasShrinkwrap: false,
        publish_time: 1512132679985,
        description: 'Parses Cache-Control and other headers. Helps building correct HTTP caches and proxies',
        repository: [Object],
        main: 'node4/index.js',
        scripts: [Object],
        files: [Array],
        author: [Object],
        license: 'BSD-2-Clause',
        bugs: [Object],
        readme: 'ERROR: No README data found!',
        homepage: 'https://github.com/pornel/http-cache-semantics#readme',
        _id: 'http-cache-semantics@3.8.1' },
     'download:http-cache-semantics@3.8.1': { done: true },
     'npm:resolve:version:responselike@1.0.2': 
      { name: 'responselike',
        version: '1.0.2',
        dependencies: [Object],
        devDependencies: [Object],
        directories: {},
        dist: [Object],
        _hasShrinkwrap: false,
        publish_time: 1502988435629,
        description: 'A response-like object for mocking a Node.js HTTP response stream',
        main: 'src/index.js',
        scripts: [Object],
        xo: [Object],
        keywords: [Array],
        repository: [Object],
        author: [Object],
        license: 'MIT',
        bugs: [Object],
        readme: 'ERROR: No README data found!',
        homepage: 'https://github.com/lukechilds/responselike#readme',
        _id: 'responselike@1.0.2' },
     'download:responselike@1.0.2': { done: true },
     'npm:resolve:version:normalize-url@2.0.1': 
      { name: 'normalize-url',
        version: '2.0.1',
        dependencies: [Object],
        devDependencies: [Object],
        directories: {},
        dist: [Object],
        engines: [Object],
        _hasShrinkwrap: false,
        publish_time: 1514211317073,
        description: 'Normalize a URL',
        license: 'MIT',
        repository: [Object],
        author: [Object],
        scripts: [Object],
        files: [Array],
        keywords: [Array],
        bugs: [Object],
        readme: 'ERROR: No README data found!',
        homepage: 'https://github.com/sindresorhus/normalize-url#readme',
        _id: 'normalize-url@2.0.1' },
     'download:normalize-url@2.0.1': { done: true },
     'npm:resolve:version:keyv@3.0.0': 
      { name: 'keyv',
        version: '3.0.0',
        dependencies: [Object],
        devDependencies: [Object],
        directories: {},
        dist: [Object],
        _hasShrinkwrap: false,
        publish_time: 1507037906570,
        description: 'Simple key-value storage with support for multiple backends',
        main: 'src/index.js',
        scripts: [Object],
        xo: [Object],
        repository: [Object],
        keywords: [Array],
        author: [Object],
        license: 'MIT',
        bugs: [Object],
        homepage: 'https://github.com/lukechilds/keyv',
        readme: 'ERROR: No README data found!',
        _id: 'keyv@3.0.0' },
     'download:keyv@3.0.0': { done: true },
     'npm:resolve:version:p-finally@^1.0.0': 
      { name: 'p-finally',
        version: '1.0.0',
        devDependencies: [Object],
        directories: {},
        dist: [Object],
        engines: [Object],
        _hasShrinkwrap: false,
        publish_time: 1477029729848 },
     'download:p-finally@1.0.0': { done: true },
     'npm:resolve:version:url-to-options@^1.0.1': 
      { name: 'url-to-options',
        version: '1.0.1',
        devDependencies: [Object],
        directories: {},
        dist: [Object],
        engines: [Object],
        _hasShrinkwrap: false,
        publish_time: 1496714214734,
        description: 'Convert a WHATWG URL to an http(s).request options object.',
        license: 'MIT',
        author: [Object],
        repository: [Object],
        scripts: [Object],
        files: [Array],
        keywords: [Array],
        bugs: [Object],
        readme: 'ERROR: No README data found!',
        homepage: 'https://github.com/stevenvachon/url-to-options#readme',
        _id: 'url-to-options@1.0.1' },
     'download:url-to-options@1.0.1': { done: true },
     'npm:resolve:version:has-symbol-support-x@^1.4.1': 
      { name: 'has-symbol-support-x',
        version: '1.4.2',
        dependencies: {},
        devDependencies: [Object],
        directories: {},
        dist: [Object],
        engines: [Object],
        _hasShrinkwrap: false,
        publish_time: 1519475296099,
        description: 'Tests if ES6 Symbol is supported.',
        homepage: 'https://github.com/Xotic750/has-symbol-support-x',
        author: [Object],
        copyright: 'Copyright (c) 2015-present',
        keywords: [Array],
        main: 'index.js',
        license: 'MIT',
        repository: [Object],
        bugs: [Object],
        scripts: [Object],
        readme: 'ERROR: No README data found!',
        _id: 'has-symbol-support-x@1.4.2' },
     'download:has-symbol-support-x@1.4.2': { done: true },
     'install:p-finally@^1.0.0': 
      { package: [Object],
        dir: 'E:\\webstrom\\code\\vuedemo01\\node_modules\\_p-finally@1.0.0@p-finally' },
     'install:p-finally:range:2.0.0': 
      { package: [Object],
        dir: 'E:\\webstrom\\code\\vuedemo01\\node_modules\\_p-finally@1.0.0@p-finally' },
     'install:timed-out@^4.0.1': 
      { package: [Object],
        dir: 'E:\\webstrom\\code\\vuedemo01\\node_modules\\_timed-out@4.0.1@timed-out' },
     'install:timed-out:range:5.0.0': 
      { package: [Object],
        dir: 'E:\\webstrom\\code\\vuedemo01\\node_modules\\_timed-out@4.0.1@timed-out' },
     'install:clone-response@1.0.2': 
      { package: [Object],
        dir: 'E:\\webstrom\\code\\vuedemo01\\node_modules\\_clone-response@1.0.2@clone-response' },
     'install:http-cache-semantics@3.8.1': 
      { package: [Object],
        dir: 'E:\\webstrom\\code\\vuedemo01\\node_modules\\_http-cache-semantics@3.8.1@http-cache-semantics' },
     'install:responselike@1.0.2': 
      { package: [Object],
        dir: 'E:\\webstrom\\code\\vuedemo01\\node_modules\\_responselike@1.0.2@responselike' },
     'install:keyv@3.0.0': 
      { package: [Object],
        dir: 'E:\\webstrom\\code\\vuedemo01\\node_modules\\_keyv@3.0.0@keyv' },
     'install:url-to-options@^1.0.1': 
      { package: [Object],
        dir: 'E:\\webstrom\\code\\vuedemo01\\node_modules\\_url-to-options@1.0.1@url-to-options' },
     'install:url-to-options:range:2.0.0': 
      { package: [Object],
        dir: 'E:\\webstrom\\code\\vuedemo01\\node_modules\\_url-to-options@1.0.1@url-to-options' },
     'npm:resolve:package:json-buffer': 
      { done: true,
        name: 'json-buffer',
        modified: '2017-07-17T18:16:55.000Z',
        'dist-tags': [Object],
        versions: [Object],
        allVersions: [Array] },
     'install:url-parse-lax@^3.0.0': 
      { package: [Object],
        dir: 'E:\\webstrom\\code\\vuedemo01\\node_modules\\_url-parse-lax@3.0.0@url-parse-lax' },
     'install:url-parse-lax:range:4.0.0': 
      { package: [Object],
        dir: 'E:\\webstrom\\code\\vuedemo01\\node_modules\\_url-parse-lax@3.0.0@url-parse-lax' },
     'npm:resolve:package:prepend-http': 
      { done: true,
        name: 'prepend-http',
        modified: '2017-09-23T07:59:01.000Z',
        'dist-tags': [Object],
        versions: [Object],
        allVersions: [Array] },
     'install:normalize-url@2.0.1': 
      { package: [Object],
        dir: 'E:\\webstrom\\code\\vuedemo01\\node_modules\\_normalize-url@2.0.1@normalize-url' },
     'npm:resolve:package:query-string': 
      { done: true,
        name: 'query-string',
        modified: '2018-05-02T17:42:31.000Z',
        'dist-tags': [Object],
        versions: [Object],
        allVersions: [Array] },
     'npm:resolve:package:sort-keys': 
      { done: true,
        name: 'sort-keys',
        modified: '2017-06-09T22:08:32.000Z',
        'dist-tags': [Object],
        versions: [Object],
        allVersions: [Array] },
     'install:has-symbol-support-x@^1.4.1': 
      { package: [Object],
        dir: 'E:\\webstrom\\code\\vuedemo01\\node_modules\\_has-symbol-support-x@1.4.2@has-symbol-support-x' },
     'install:has-symbol-support-x:range:2.0.0': 
      { package: [Object],
        dir: 'E:\\webstrom\\code\\vuedemo01\\node_modules\\_has-symbol-support-x@1.4.2@has-symbol-support-x' },
     'npm:resolve:version:json-buffer@3.0.0': 
      { name: 'json-buffer',
        version: '3.0.0',
        devDependencies: [Object],
        directories: {},
        dist: [Object],
        _hasShrinkwrap: false,
        publish_time: 1500312568192,
        description: 'JSON parse & stringify that supports binary via bops & base64',
        homepage: 'https://github.com/dominictarr/json-buffer',
        repository: [Object],
        scripts: [Object],
        author: [Object],
        license: 'MIT',
        testling: [Object],
        bugs: [Object],
        readme: 'ERROR: No README data found!',
        _id: 'json-buffer@3.0.0' },
     'download:json-buffer@3.0.0': { done: true },
     'npm:resolve:version:prepend-http@^2.0.0': 
      { name: 'prepend-http',
        version: '2.0.0',
        devDependencies: [Object],
        directories: {},
        dist: [Object],
        engines: [Object],
        _hasShrinkwrap: false,
        publish_time: 1506153538111,
        description: 'Prepend `http://` to humanized URLs like todomvc.com and localhost',
        license: 'MIT',
        repository: [Object],
        author: [Object],
        scripts: [Object],
        files: [Array],
        keywords: [Array],
        bugs: [Object],
        readme: 'ERROR: No README data found!',
        homepage: 'https://github.com/sindresorhus/prepend-http#readme',
        _id: 'prepend-http@2.0.0' },
     'download:prepend-http@2.0.0': { done: true },
     'npm:resolve:version:sort-keys@^2.0.0': 
      { name: 'sort-keys',
        version: '2.0.0',
        dependencies: [Object],
        devDependencies: [Object],
        directories: {},
        dist: [Object],
        engines: [Object],
        _hasShrinkwrap: false,
        publish_time: 1497046108583,
        description: 'Sort the keys of an object',
        license: 'MIT',
        repository: [Object],
        author: [Object],
        scripts: [Object],
        files: [Array],
        keywords: [Array],
        bugs: [Object],
        readme: 'ERROR: No README data found!',
        homepage: 'https://github.com/sindresorhus/sort-keys#readme',
        _id: 'sort-keys@2.0.0' },
     'download:sort-keys@2.0.0': { done: true },
     'npm:resolve:version:query-string@^5.0.1': 
      { name: 'query-string',
        version: '5.1.1',
        dependencies: [Object],
        devDependencies: [Object],
        directories: {},
        dist: [Object],
        engines: [Object],
        _hasShrinkwrap: false,
        publish_time: 1521003107167,
        description: 'Parse and stringify URL query strings',
        license: 'MIT',
        repository: [Object],
        author: [Object],
        scripts: [Object],
        files: [Array],
        keywords: [Array],
        bugs: [Object],
        readme: 'ERROR: No README data found!',
        homepage: 'https://github.com/sindresorhus/query-string#readme',
        _id: 'query-string@5.1.1' },
     'download:query-string@5.1.1': { done: true },
     'install:json-buffer@3.0.0': 
      { package: [Object],
        dir: 'E:\\webstrom\\code\\vuedemo01\\node_modules\\_json-buffer@3.0.0@json-buffer' },
     'install:sort-keys@^2.0.0': 
      { package: [Object],
        dir: 'E:\\webstrom\\code\\vuedemo01\\node_modules\\_sort-keys@2.0.0@sort-keys' },
     'install:sort-keys:range:3.0.0': 
      { package: [Object],
        dir: 'E:\\webstrom\\code\\vuedemo01\\node_modules\\_sort-keys@2.0.0@sort-keys' },
     'npm:resolve:package:is-plain-obj': 
      { done: true,
        name: 'is-plain-obj',
        modified: '2017-03-27T10:56:18.000Z',
        'dist-tags': [Object],
        versions: [Object],
        allVersions: [Array] },
     'install:prepend-http@^2.0.0': 
      { package: [Object],
        dir: 'E:\\webstrom\\code\\vuedemo01\\node_modules\\_prepend-http@2.0.0@prepend-http' },
     'install:prepend-http:range:3.0.0': 
      { package: [Object],
        dir: 'E:\\webstrom\\code\\vuedemo01\\node_modules\\_prepend-http@2.0.0@prepend-http' },
     'install:query-string@^5.0.1': 
      { package: [Object],
        dir: 'E:\\webstrom\\code\\vuedemo01\\node_modules\\_query-string@5.1.1@query-string' },
     'install:query-string:range:6.0.0': 
      { package: [Object],
        dir: 'E:\\webstrom\\code\\vuedemo01\\node_modules\\_query-string@5.1.1@query-string' },
     'npm:resolve:package:decode-uri-component': 
      { done: true,
        name: 'decode-uri-component',
        modified: '2017-06-28T18:16:10.000Z',
        'dist-tags': [Object],
        versions: [Object],
        allVersions: [Array] },
     'npm:resolve:package:object-assign': 
      { done: true,
        name: 'object-assign',
        modified: '2017-03-27T09:54:20.000Z',
        'dist-tags': [Object],
        versions: [Object],
        allVersions: [Array] },
     'npm:resolve:package:strict-uri-encode': 
      { done: true,
        name: 'strict-uri-encode',
        modified: '2017-03-29T22:22:33.000Z',
        'dist-tags': [Object],
        versions: [Object],
        allVersions: [Array] },
     'npm:resolve:version:is-plain-obj@^1.0.0': 
      { name: 'is-plain-obj',
        version: '1.1.0',
        devDependencies: [Object],
        directories: {},
        dist: [Object],
        engines: [Object],
        _hasShrinkwrap: false,
        publish_time: 1446715918189 },
     'download:is-plain-obj@1.1.0': { done: true },
     'npm:resolve:version:decode-uri-component@^0.2.0': 
      { name: 'decode-uri-component',
        version: '0.2.0',
        devDependencies: [Object],
        directories: {},
        dist: [Object],
        engines: [Object],
        _hasShrinkwrap: false,
        publish_time: 1498673767372 },
     'download:decode-uri-component@0.2.0': { done: true },
     'npm:resolve:version:object-assign@^4.1.0': 
      { name: 'object-assign',
        version: '4.1.1',
        devDependencies: [Object],
        directories: {},
        dist: [Object],
        engines: [Object],
        _hasShrinkwrap: false,
        publish_time: 1484580915282 },
     'download:object-assign@4.1.1': { done: true },
     'npm:resolve:version:strict-uri-encode@^1.0.0': 
      { name: 'strict-uri-encode',
        version: '1.1.0',
        devDependencies: [Object],
        directories: {},
        dist: [Object],
        engines: [Object],
        _hasShrinkwrap: false,
        publish_time: 1451891015092 },
     'download:strict-uri-encode@1.1.0': { done: true },
     'install:object-assign@^4.1.0': 
      { package: [Object],
        dir: 'E:\\webstrom\\code\\vuedemo01\\node_modules\\_object-assign@4.1.1@object-assign' },
     'install:object-assign:range:5.0.0': 
      { package: [Object],
        dir: 'E:\\webstrom\\code\\vuedemo01\\node_modules\\_object-assign@4.1.1@object-assign' },
     'install:is-plain-obj@^1.0.0': 
      { package: [Object],
        dir: 'E:\\webstrom\\code\\vuedemo01\\node_modules\\_is-plain-obj@1.1.0@is-plain-obj' },
     'install:is-plain-obj:range:2.0.0': 
      { package: [Object],
        dir: 'E:\\webstrom\\code\\vuedemo01\\node_modules\\_is-plain-obj@1.1.0@is-plain-obj' },
     'install:strict-uri-encode@^1.0.0': 
      { package: [Object],
        dir: 'E:\\webstrom\\code\\vuedemo01\\node_modules\\_strict-uri-encode@1.1.0@strict-uri-encode' },
     'install:strict-uri-encode:range:2.0.0': 
      { package: [Object],
        dir: 'E:\\webstrom\\code\\vuedemo01\\node_modules\\_strict-uri-encode@1.1.0@strict-uri-encode' },
     'install:decode-uri-component@^0.2.0': 
      { package: [Object],
        dir: 'E:\\webstrom\\code\\vuedemo01\\node_modules\\_decode-uri-component@0.2.0@decode-uri-component' },
     'install:decode-uri-component:range:0.3.0': 
      { package: [Object],
        dir: 'E:\\webstrom\\code\\vuedemo01\\node_modules\\_decode-uri-component@0.2.0@decode-uri-component' },
     'npm:resolve:version:lowercase-keys@^1.0.0': 
      { name: 'lowercase-keys',
        version: '1.0.1',
        devDependencies: [Object],
        directories: {},
        dist: [Object],
        engines: [Object],
        _hasShrinkwrap: false,
        publish_time: 1521791528060,
        description: 'Lowercase the keys of an object',
        license: 'MIT',
        repository: [Object],
        author: [Object],
        scripts: [Object],
        files: [Array],
        keywords: [Array],
        bugs: [Object],
        readme: 'ERROR: No README data found!',
        homepage: 'https://github.com/sindresorhus/lowercase-keys#readme',
        _id: 'lowercase-keys@1.0.1' },
     'npm:resolve:version:lowercase-keys@1.0.0': 
      { name: 'lowercase-keys',
        version: '1.0.0',
        devDependencies: [Object],
        directories: {},
        dist: [Object],
        engines: [Object],
        _hasShrinkwrap: false,
        publish_time: 1422086387603,
        description: 'Lowercase the keys of an object',
        license: 'MIT',
        repository: [Object],
        author: [Object],
        scripts: [Object],
        files: [Array],
        keywords: [Array],
        bugs: [Object],
        readme: 'ERROR: No README data found!',
        homepage: 'https://github.com/sindresorhus/lowercase-keys#readme',
        _id: 'lowercase-keys@1.0.0' },
     'download:lowercase-keys@1.0.1': { done: true },
     'download:lowercase-keys@1.0.0': { done: true },
     'install:lowercase-keys@1.0.0': 
      { package: [Object],
        dir: 'E:\\webstrom\\code\\vuedemo01\\node_modules\\_lowercase-keys@1.0.0@lowercase-keys' },
     'install:lowercase-keys@^1.0.0': 
      { package: [Object],
        dir: 'E:\\webstrom\\code\\vuedemo01\\node_modules\\_lowercase-keys@1.0.1@lowercase-keys' },
     'install:lowercase-keys:range:2.0.0': 
      { package: [Object],
        dir: 'E:\\webstrom\\code\\vuedemo01\\node_modules\\_lowercase-keys@1.0.1@lowercase-keys' },
     'npm:resolve:version:mimic-response@^1.0.0': 
      { name: 'mimic-response',
        version: '1.0.1',
        devDependencies: [Object],
        directories: {},
        dist: [Object],
        engines: [Object],
        _hasShrinkwrap: false,
        publish_time: 1531308307279,
        description: 'Mimic a Node.js HTTP response stream',
        license: 'MIT',
        repository: [Object],
        author: [Object],
        scripts: [Object],
        files: [Array],
        keywords: [Array],
        bugs: [Object],
        readme: 'ERROR: No README data found!',
        homepage: 'https://github.com/sindresorhus/mimic-response#readme',
        _id: 'mimic-response@1.0.1' },
     'download:mimic-response@1.0.1': { done: true },
     'install:mimic-response@^1.0.0': 
      { package: [Object],
        dir: 'E:\\webstrom\\code\\vuedemo01\\node_modules\\_mimic-response@1.0.1@mimic-response' },
     'install:mimic-response:range:2.0.0': 
      { package: [Object],
        dir: 'E:\\webstrom\\code\\vuedemo01\\node_modules\\_mimic-response@1.0.1@mimic-response' } },
  targetDir: 'E:\\webstrom\\code\\vuedemo01',
  storeDir: 'E:\\webstrom\\code\\vuedemo01\\node_modules',
  timeout: 60000,
  streamingTimeout: 120000,
  console: 
   { info: 
      { [Function: debug]
        namespace: 'npminstall:format_install_options',
        enabled: false,
        useColors: true,
        color: 3,
        inspectOpts: {} },
     log: 
      { [Function: debug]
        namespace: 'npminstall:format_install_options',
        enabled: false,
        useColors: true,
        color: 3,
        inspectOpts: {} },
     error: [Function: bound consoleCall],
     warn: [Function: bound consoleCall] },
  start: 1534660090099,
  totalTarballSize: 0,
  totalJSONSize: 144776,
  totalJSONCount: 38,
  localPackages: 0,
  remotePackages: 0,
  registryPackages: 30,
  gitPackages: 0,
  pendingMessages: [],
  recentlyUpdateMinDateTime: 1534055290099,
  recentlyUpdates: Map {},
  onlyShowTodayUpdateToConsole: true,
  remoteNames: {},
  referer: 'install vue-resource --uuid=0ab7d430-a379-11e8-8b86-d574f0dad1c2',
  installRoot: false,
  progresses: 
   { installTasks: 1,
     finishedInstallTasks: 1,
     linkTasks: 37,
     finishedLinkTasks: 37 },
  rawCount: 0,
  rawSize: 0,
  pruneCount: 0,
  pruneSize: 0,
  rootPkgDependencies: 
   { allMap: [Getter],
     all: [Getter],
     prodMap: [Getter],
     prod: [Getter] },
  downloadFinished: 1534660112307 }